#
# There is insufficient memory for the Java Runtime Environment to continue.
# Native memory allocation (malloc) failed to allocate 32744 bytes for ChunkPool::allocate
# Possible reasons:
#   The system is out of physical RAM or swap space
#   In 32 bit mode, the process size limit was hit
# Possible solutions:
#   Reduce memory load on the system
#   Increase physical memory or swap space
#   Check if swap backing store is full
#   Use 64 bit Java on a 64 bit OS
#   Decrease Java heap size (-Xmx/-Xms)
#   Decrease number of Java threads
#   Decrease Java thread stack sizes (-Xss)
#   Set larger code cache with -XX:ReservedCodeCacheSize=
# This output file may be truncated or incomplete.
#
#  Out of Memory Error (allocation.cpp:273), pid=13296, tid=0x0000000000000ac0
#
# JRE version: Java(TM) SE Runtime Environment (8.0_151-b12) (build 1.8.0_151-b12)
# Java VM: Java HotSpot(TM) 64-Bit Server VM (25.151-b12 mixed mode windows-amd64 compressed oops)
# Failed to write core dump. Minidumps are not enabled by default on client versions of Windows
#

---------------  T H R E A D  ---------------

Current thread (0x0000000017109800):  JavaThread "C2 CompilerThread0" daemon [_thread_in_native, id=2752, stack(0x0000000018780000,0x0000000018880000)]

Stack: [0x0000000018780000,0x0000000018880000]
[error occurred during error reporting (printing stack bounds), id 0xc0000005]

Native frames: (J=compiled Java code, j=interpreted, Vv=VM code, C=native code)


Current CompileTask:
C2:  22659 2368   !   4       ConnectionDB.operationDataBase::FillTo_TableView (1769 bytes)


---------------  P R O C E S S  ---------------

Java Threads: ( => current thread )
  0x00000000195b7000 JavaThread "CleanCursors-3-thread-1" daemon [_thread_blocked, id=12560, stack(0x000000001db40000,0x000000001dc40000)]
  0x0000000019531800 JavaThread "cluster-ClusterId{value='5f7371698e0470174ad48486', description='null'}-localhost:27017" daemon [_thread_blocked, id=5324, stack(0x000000001da40000,0x000000001db40000)]
  0x0000000018c52000 JavaThread "CleanCursors-2-thread-1" daemon [_thread_blocked, id=16140, stack(0x000000001d740000,0x000000001d840000)]
  0x0000000018c4f000 JavaThread "cluster-ClusterId{value='5f7371698e0470174ad48485', description='null'}-localhost:27017" daemon [_thread_blocked, id=7280, stack(0x000000001d640000,0x000000001d740000)]
  0x000000001b5eb000 JavaThread "TimerQueue" daemon [_thread_blocked, id=7172, stack(0x000000001d540000,0x000000001d640000)]
  0x000000001b5b6000 JavaThread "CleanCursors-1-thread-1" daemon [_thread_blocked, id=14388, stack(0x000000001ca40000,0x000000001cb40000)]
  0x0000000019386000 JavaThread "cluster-ClusterId{value='5f7371638e0470174ad48484', description='null'}-localhost:27017" daemon [_thread_blocked, id=12804, stack(0x000000001c940000,0x000000001ca40000)]
  0x00000000024e0800 JavaThread "DestroyJavaVM" [_thread_blocked, id=5952, stack(0x00000000023e0000,0x00000000024e0000)]
  0x00000000192b5800 JavaThread "AWT-EventQueue-0" [_thread_in_native, id=15788, stack(0x000000001a640000,0x000000001a740000)]
  0x000000001924e000 JavaThread "AWT-Windows" daemon [_thread_in_native, id=4068, stack(0x0000000019c50000,0x0000000019d50000)]
  0x000000001924a000 JavaThread "AWT-Shutdown" [_thread_blocked, id=16248, stack(0x0000000019b50000,0x0000000019c50000)]
  0x0000000019246800 JavaThread "Java2D Disposer" daemon [_thread_blocked, id=14536, stack(0x0000000019a50000,0x0000000019b50000)]
  0x0000000018aba800 JavaThread "Service Thread" daemon [_thread_blocked, id=11280, stack(0x0000000018e80000,0x0000000018f80000)]
  0x000000001711e000 JavaThread "C1 CompilerThread2" daemon [_thread_blocked, id=11548, stack(0x0000000018980000,0x0000000018a80000)]
  0x000000001710d000 JavaThread "C2 CompilerThread1" daemon [_thread_blocked, id=3108, stack(0x0000000018880000,0x0000000018980000)]
=>0x0000000017109800 JavaThread "C2 CompilerThread0" daemon [_thread_in_native, id=2752, stack(0x0000000018780000,0x0000000018880000)]
  0x0000000017117800 JavaThread "Attach Listener" daemon [_thread_blocked, id=12580, stack(0x0000000018680000,0x0000000018780000)]
  0x0000000017116000 JavaThread "Signal Dispatcher" daemon [_thread_blocked, id=15036, stack(0x0000000018580000,0x0000000018680000)]
  0x00000000170fa000 JavaThread "Finalizer" daemon [_thread_blocked, id=16240, stack(0x0000000018360000,0x0000000018460000)]
  0x00000000025d1000 JavaThread "Reference Handler" daemon [_thread_blocked, id=5556, stack(0x0000000018260000,0x0000000018360000)]

Other Threads:
  0x00000000170d6800 VMThread [stack: 0x0000000018160000,0x0000000018260000] [id=240]
  0x0000000018ac5000 WatcherThread [stack: 0x00000000190f0000,0x00000000191f0000] [id=5596]

VM state:not at safepoint (normal execution)

VM Mutex/Monitor currently owned by a thread: None

Heap:
 PSYoungGen      total 309760K, used 235614K [0x00000000d5f00000, 0x00000000f4580000, 0x0000000100000000)
  eden space 146432K, 49% used [0x00000000d5f00000,0x00000000da599420,0x00000000dee00000)
  from space 163328K, 99% used [0x00000000ea600000,0x00000000f457e560,0x00000000f4580000)
  to   space 161792K, 0% used [0x00000000dee00000,0x00000000dee00000,0x00000000e8c00000)
 ParOldGen       total 308736K, used 193736K [0x0000000081c00000, 0x0000000094980000, 0x00000000d5f00000)
  object space 308736K, 62% used [0x0000000081c00000,0x000000008d932218,0x0000000094980000)
 Metaspace       used 19564K, capacity 19940K, committed 20352K, reserved 1067008K
  class space    used 2441K, capacity 2566K, committed 2688K, reserved 1048576K

Card table byte_map: [0x00000000119a0000,0x0000000011da0000] byte_map_base: 0x0000000011592000

Marking Bits: (ParMarkBitMap*) 0x000000005396d850
 Begin Bits: [0x0000000012450000, 0x00000000143e0000)
 End Bits:   [0x00000000143e0000, 0x0000000016370000)

Polling page: 0x0000000000b40000

CodeCache: size=245760Kb used=7445Kb max_used=7587Kb free=238315Kb
 bounds [0x00000000025e0000, 0x0000000002d50000, 0x00000000115e0000]
 total_blobs=2912 nmethods=2354 adapters=469
 compilation: enabled

Compilation events (10 events):
Event: 19.579 Thread 0x000000001711e000 2370       3       org.bson.ByteBufNIO::<init> (28 bytes)
Event: 19.580 Thread 0x000000001711e000 nmethod 2370 0x00000000026f1650 code [0x00000000026f17e0, 0x00000000026f1c28]
Event: 20.108 Thread 0x000000001711e000 2371       3       org.bson.internal.Optional::<init> (5 bytes)
Event: 20.109 Thread 0x000000001711e000 nmethod 2371 0x00000000026e3b50 code [0x00000000026e3ca0, 0x00000000026e3e50]
Event: 20.110 Thread 0x000000001711e000 2372       3       org.bson.internal.Optional$Some::<init> (10 bytes)
Event: 20.110 Thread 0x000000001711e000 nmethod 2372 0x00000000026dff50 code [0x00000000026e00c0, 0x00000000026e02f0]
Event: 21.780 Thread 0x000000001711e000 2373       3       sun.misc.Unsafe::getAndAddInt (27 bytes)
Event: 21.780 Thread 0x000000001711e000 nmethod 2373 0x000000000271d450 code [0x000000000271d5c0, 0x000000000271d7d0]
Event: 21.782 Thread 0x000000001711e000 2374       3       com.mongodb.internal.connection.ConcurrentLinkedDeque$Node::getNext (8 bytes)
Event: 21.782 Thread 0x000000001711e000 nmethod 2374 0x00000000026e0c10 code [0x00000000026e0d80, 0x00000000026e1050]

GC Heap History (10 events):
Event: 19.648 GC heap before
{Heap before GC invocations=19 (full 3):
 PSYoungGen      total 228352K, used 216889K [0x00000000d5f00000, 0x00000000ee780000, 0x0000000100000000)
  eden space 106496K, 100% used [0x00000000d5f00000,0x00000000dc700000,0x00000000dc700000)
  from space 121856K, 90% used [0x00000000dc700000,0x00000000e32ce520,0x00000000e3e00000)
  to   space 135168K, 0% used [0x00000000e6380000,0x00000000e6380000,0x00000000ee780000)
 ParOldGen       total 308736K, used 159616K [0x0000000081c00000, 0x0000000094980000, 0x00000000d5f00000)
  object space 308736K, 51% used [0x0000000081c00000,0x000000008b7e0218,0x0000000094980000)
 Metaspace       used 19563K, capacity 19940K, committed 20352K, reserved 1067008K
  class space    used 2441K, capacity 2566K, committed 2688K, reserved 1048576K
Event: 19.735 GC heap after
Heap after GC invocations=19 (full 3):
 PSYoungGen      total 257536K, used 68342K [0x00000000d5f00000, 0x00000000ede80000, 0x0000000100000000)
  eden space 131584K, 0% used [0x00000000d5f00000,0x00000000d5f00000,0x00000000ddf80000)
  from space 125952K, 54% used [0x00000000e6380000,0x00000000ea63dbb8,0x00000000ede80000)
  to   space 130560K, 0% used [0x00000000ddf80000,0x00000000ddf80000,0x00000000e5f00000)
 ParOldGen       total 308736K, used 159616K [0x0000000081c00000, 0x0000000094980000, 0x00000000d5f00000)
  object space 308736K, 51% used [0x0000000081c00000,0x000000008b7e0218,0x0000000094980000)
 Metaspace       used 19563K, capacity 19940K, committed 20352K, reserved 1067008K
  class space    used 2441K, capacity 2566K, committed 2688K, reserved 1048576K
}
Event: 19.883 GC heap before
{Heap before GC invocations=20 (full 3):
 PSYoungGen      total 257536K, used 199926K [0x00000000d5f00000, 0x00000000ede80000, 0x0000000100000000)
  eden space 131584K, 100% used [0x00000000d5f00000,0x00000000ddf80000,0x00000000ddf80000)
  from space 125952K, 54% used [0x00000000e6380000,0x00000000ea63dbb8,0x00000000ede80000)
  to   space 130560K, 0% used [0x00000000ddf80000,0x00000000ddf80000,0x00000000e5f00000)
 ParOldGen       total 308736K, used 159616K [0x0000000081c00000, 0x0000000094980000, 0x00000000d5f00000)
  object space 308736K, 51% used [0x0000000081c00000,0x000000008b7e0218,0x0000000094980000)
 Metaspace       used 19563K, capacity 19940K, committed 20352K, reserved 1067008K
  class space    used 2441K, capacity 2566K, committed 2688K, reserved 1048576K
Event: 19.998 GC heap after
Heap after GC invocations=20 (full 3):
 PSYoungGen      total 262144K, used 130553K [0x00000000d5f00000, 0x00000000f2200000, 0x0000000100000000)
  eden space 131584K, 0% used [0x00000000d5f00000,0x00000000d5f00000,0x00000000ddf80000)
  from space 130560K, 99% used [0x00000000ddf80000,0x00000000e5efe530,0x00000000e5f00000)
  to   space 153600K, 0% used [0x00000000e8c00000,0x00000000e8c00000,0x00000000f2200000)
 ParOldGen       total 308736K, used 172296K [0x0000000081c00000, 0x0000000094980000, 0x00000000d5f00000)
  object space 308736K, 55% used [0x0000000081c00000,0x000000008c442218,0x0000000094980000)
 Metaspace       used 19563K, capacity 19940K, committed 20352K, reserved 1067008K
  class space    used 2441K, capacity 2566K, committed 2688K, reserved 1048576K
}
Event: 20.321 GC heap before
{Heap before GC invocations=21 (full 3):
 PSYoungGen      total 262144K, used 262137K [0x00000000d5f00000, 0x00000000f2200000, 0x0000000100000000)
  eden space 131584K, 100% used [0x00000000d5f00000,0x00000000ddf80000,0x00000000ddf80000)
  from space 130560K, 99% used [0x00000000ddf80000,0x00000000e5efe530,0x00000000e5f00000)
  to   space 153600K, 0% used [0x00000000e8c00000,0x00000000e8c00000,0x00000000f2200000)
 ParOldGen       total 308736K, used 172296K [0x0000000081c00000, 0x0000000094980000, 0x00000000d5f00000)
  object space 308736K, 55% used [0x0000000081c00000,0x000000008c442218,0x0000000094980000)
 Metaspace       used 19563K, capacity 19940K, committed 20352K, reserved 1067008K
  class space    used 2441K, capacity 2566K, committed 2688K, reserved 1048576K
Event: 20.509 GC heap after
Heap after GC invocations=21 (full 3):
 PSYoungGen      total 300032K, used 114290K [0x00000000d5f00000, 0x00000000f3300000, 0x0000000100000000)
  eden space 146432K, 0% used [0x00000000d5f00000,0x00000000d5f00000,0x00000000dee00000)
  from space 153600K, 74% used [0x00000000e8c00000,0x00000000efb9c980,0x00000000f2200000)
  to   space 161792K, 0% used [0x00000000dee00000,0x00000000dee00000,0x00000000e8c00000)
 ParOldGen       total 308736K, used 172296K [0x0000000081c00000, 0x0000000094980000, 0x00000000d5f00000)
  object space 308736K, 55% used [0x0000000081c00000,0x000000008c442218,0x0000000094980000)
 Metaspace       used 19563K, capacity 19940K, committed 20352K, reserved 1067008K
  class space    used 2441K, capacity 2566K, committed 2688K, reserved 1048576K
}
Event: 20.956 GC heap before
{Heap before GC invocations=22 (full 3):
 PSYoungGen      total 300032K, used 260722K [0x00000000d5f00000, 0x00000000f3300000, 0x0000000100000000)
  eden space 146432K, 100% used [0x00000000d5f00000,0x00000000dee00000,0x00000000dee00000)
  from space 153600K, 74% used [0x00000000e8c00000,0x00000000efb9c980,0x00000000f2200000)
  to   space 161792K, 0% used [0x00000000dee00000,0x00000000dee00000,0x00000000e8c00000)
 ParOldGen       total 308736K, used 172296K [0x0000000081c00000, 0x0000000094980000, 0x00000000d5f00000)
  object space 308736K, 55% used [0x0000000081c00000,0x000000008c442218,0x0000000094980000)
 Metaspace       used 19563K, capacity 19940K, committed 20352K, reserved 1067008K
  class space    used 2441K, capacity 2566K, committed 2688K, reserved 1048576K
Event: 21.056 GC heap after
Heap after GC invocations=22 (full 3):
 PSYoungGen      total 308224K, used 101760K [0x00000000d5f00000, 0x00000000f4580000, 0x0000000100000000)
  eden space 146432K, 0% used [0x00000000d5f00000,0x00000000d5f00000,0x00000000dee00000)
  from space 161792K, 62% used [0x00000000dee00000,0x00000000e5160040,0x00000000e8c00000)
  to   space 163328K, 0% used [0x00000000ea600000,0x00000000ea600000,0x00000000f4580000)
 ParOldGen       total 308736K, used 172296K [0x0000000081c00000, 0x0000000094980000, 0x00000000d5f00000)
  object space 308736K, 55% used [0x0000000081c00000,0x000000008c442218,0x0000000094980000)
 Metaspace       used 19563K, capacity 19940K, committed 20352K, reserved 1067008K
  class space    used 2441K, capacity 2566K, committed 2688K, reserved 1048576K
}
Event: 21.363 GC heap before
{Heap before GC invocations=23 (full 3):
 PSYoungGen      total 308224K, used 248192K [0x00000000d5f00000, 0x00000000f4580000, 0x0000000100000000)
  eden space 146432K, 100% used [0x00000000d5f00000,0x00000000dee00000,0x00000000dee00000)
  from space 161792K, 62% used [0x00000000dee00000,0x00000000e5160040,0x00000000e8c00000)
  to   space 163328K, 0% used [0x00000000ea600000,0x00000000ea600000,0x00000000f4580000)
 ParOldGen       total 308736K, used 172296K [0x0000000081c00000, 0x0000000094980000, 0x00000000d5f00000)
  object space 308736K, 55% used [0x0000000081c00000,0x000000008c442218,0x0000000094980000)
 Metaspace       used 19563K, capacity 19940K, committed 20352K, reserved 1067008K
  class space    used 2441K, capacity 2566K, committed 2688K, reserved 1048576K
Event: 21.595 GC heap after
Heap after GC invocations=23 (full 3):
 PSYoungGen      total 309760K, used 163321K [0x00000000d5f00000, 0x00000000f4580000, 0x0000000100000000)
  eden space 146432K, 0% used [0x00000000d5f00000,0x00000000d5f00000,0x00000000dee00000)
  from space 163328K, 99% used [0x00000000ea600000,0x00000000f457e560,0x00000000f4580000)
  to   space 161792K, 0% used [0x00000000dee00000,0x00000000dee00000,0x00000000e8c00000)
 ParOldGen       total 308736K, used 193736K [0x0000000081c00000, 0x0000000094980000, 0x00000000d5f00000)
  object space 308736K, 62% used [0x0000000081c00000,0x000000008d932218,0x0000000094980000)
 Metaspace       used 19563K, capacity 19940K, committed 20352K, reserved 1067008K
  class space    used 2441K, capacity 2566K, committed 2688K, reserved 1048576K
}

Deoptimization events (10 events):
Event: 2.597 Thread 0x00000000192b5800 Uncommon trap: reason=class_check action=maybe_recompile pc=0x000000000290ff78 method=java.lang.StringCoding$StringDecoder.decode([BII)[C @ 40
Event: 2.609 Thread 0x00000000192b5800 Uncommon trap: reason=class_check action=maybe_recompile pc=0x000000000290ff78 method=java.lang.StringCoding$StringDecoder.decode([BII)[C @ 40
Event: 2.610 Thread 0x00000000192b5800 Uncommon trap: reason=class_check action=maybe_recompile pc=0x000000000290ff78 method=java.lang.StringCoding$StringDecoder.decode([BII)[C @ 40
Event: 2.818 Thread 0x0000000019386000 Uncommon trap: reason=unstable_if action=reinterpret pc=0x000000000292c15c method=java.lang.CharacterDataLatin1.digit(II)I @ 82
Event: 2.883 Thread 0x00000000192b5800 Uncommon trap: reason=unstable_if action=reinterpret pc=0x0000000002922814 method=java.lang.CharacterDataLatin1.digit(II)I @ 82
Event: 8.877 Thread 0x00000000192b5800 Uncommon trap: reason=unstable_if action=reinterpret pc=0x00000000029ead20 method=java.util.Arrays.equals([B[B)Z @ 2
Event: 11.134 Thread 0x00000000192b5800 Uncommon trap: reason=unstable_if action=reinterpret pc=0x0000000002c5f1e8 method=java.lang.Integer.parseInt(Ljava/lang/String;I)I @ 122
Event: 11.809 Thread 0x00000000192b5800 Uncommon trap: reason=unstable_if action=reinterpret pc=0x0000000002ceb008 method=ConnectionDB.LogicTools.calculateIntervalTrip(I)LConnectionDB/LogicTools$TripTimeClass; @ 88
Event: 12.296 Thread 0x00000000192b5800 Uncommon trap: reason=unstable_if action=reinterpret pc=0x0000000002cf1fac method=com.mongodb.client.internal.MongoBatchCursorAdapter.getNextInBatch()Ljava/lang/Object; @ 29
Event: 12.886 Thread 0x00000000192b5800 Uncommon trap: reason=unstable_if action=reinterpret pc=0x0000000002ce85ac method=com.mongodb.client.internal.MongoBatchCursorAdapter.next()Ljava/lang/Object; @ 19

Internal exceptions (10 events):
Event: 19.397 Thread 0x00000000192b5800 Exception <a 'java/lang/ClassCastException': java.lang.Integer cannot be cast to java.lang.Double> (0x00000000d74d6bd8) thrown at [C:\re\workspace\8-2-build-windows-amd64-cygwin\jdk8u151\9699\hotspot\src\share\vm\interpreter\interpreterRuntime.cpp, line 3
Event: 19.397 Thread 0x00000000192b5800 Exception <a 'java/lang/ClassCastException': java.lang.Double cannot be cast to java.lang.Integer> (0x00000000d74d7300) thrown at [C:\re\workspace\8-2-build-windows-amd64-cygwin\jdk8u151\9699\hotspot\src\share\vm\interpreter\interpreterRuntime.cpp, line 3
Event: 19.397 Thread 0x00000000192b5800 Exception <a 'java/lang/ClassCastException': java.lang.Integer cannot be cast to java.lang.Double> (0x00000000d74d7598) thrown at [C:\re\workspace\8-2-build-windows-amd64-cygwin\jdk8u151\9699\hotspot\src\share\vm\interpreter\interpreterRuntime.cpp, line 3
Event: 19.397 Thread 0x00000000192b5800 Exception <a 'java/lang/ClassCastException': java.lang.Integer cannot be cast to java.lang.Double> (0x00000000d74d7830) thrown at [C:\re\workspace\8-2-build-windows-amd64-cygwin\jdk8u151\9699\hotspot\src\share\vm\interpreter\interpreterRuntime.cpp, line 3
Event: 19.397 Thread 0x00000000192b5800 Exception <a 'java/lang/ClassCastException': java.lang.Double cannot be cast to java.lang.Integer> (0x00000000d74d7f58) thrown at [C:\re\workspace\8-2-build-windows-amd64-cygwin\jdk8u151\9699\hotspot\src\share\vm\interpreter\interpreterRuntime.cpp, line 3
Event: 19.397 Thread 0x00000000192b5800 Exception <a 'java/lang/ClassCastException': java.lang.Integer cannot be cast to java.lang.Double> (0x00000000d74d81f0) thrown at [C:\re\workspace\8-2-build-windows-amd64-cygwin\jdk8u151\9699\hotspot\src\share\vm\interpreter\interpreterRuntime.cpp, line 3
Event: 19.397 Thread 0x00000000192b5800 Exception <a 'java/lang/ClassCastException': java.lang.Integer cannot be cast to java.lang.Double> (0x00000000d74d8488) thrown at [C:\re\workspace\8-2-build-windows-amd64-cygwin\jdk8u151\9699\hotspot\src\share\vm\interpreter\interpreterRuntime.cpp, line 3
Event: 19.397 Thread 0x00000000192b5800 Exception <a 'java/lang/ClassCastException': java.lang.Double cannot be cast to java.lang.Integer> (0x00000000d74d8bb0) thrown at [C:\re\workspace\8-2-build-windows-amd64-cygwin\jdk8u151\9699\hotspot\src\share\vm\interpreter\interpreterRuntime.cpp, line 3
Event: 19.397 Thread 0x00000000192b5800 Exception <a 'java/lang/ClassCastException': java.lang.Integer cannot be cast to java.lang.Double> (0x00000000d74d8e48) thrown at [C:\re\workspace\8-2-build-windows-amd64-cygwin\jdk8u151\9699\hotspot\src\share\vm\interpreter\interpreterRuntime.cpp, line 3
Event: 19.397 Thread 0x00000000192b5800 Exception <a 'java/lang/ClassCastException': java.lang.Integer cannot be cast to java.lang.Double> (0x00000000d74d9570) thrown at [C:\re\workspace\8-2-build-windows-amd64-cygwin\jdk8u151\9699\hotspot\src\share\vm\interpreter\interpreterRuntime.cpp, line 3

Events (10 events):
Event: 19.648 Executing VM operation: ParallelGCFailedAllocation
Event: 19.736 Executing VM operation: ParallelGCFailedAllocation done
Event: 19.883 Executing VM operation: ParallelGCFailedAllocation
Event: 19.998 Executing VM operation: ParallelGCFailedAllocation done
Event: 20.320 Executing VM operation: ParallelGCFailedAllocation
Event: 20.509 Executing VM operation: ParallelGCFailedAllocation done
Event: 20.956 Executing VM operation: ParallelGCFailedAllocation
Event: 21.056 Executing VM operation: ParallelGCFailedAllocation done
Event: 21.362 Executing VM operation: ParallelGCFailedAllocation
Event: 21.595 Executing VM operation: ParallelGCFailedAllocation done


Dynamic libraries:
0x00007ff7cade0000 - 0x00007ff7cae17000 	C:\Program Files\Java\jdk1.8.0_151\jre\bin\java.exe
0x00007ffab10c0000 - 0x00007ffab12b0000 	C:\WINDOWS\SYSTEM32\ntdll.dll
0x00007ffab01a0000 - 0x00007ffab0252000 	C:\WINDOWS\System32\KERNEL32.DLL
0x00007ffaaed40000 - 0x00007ffaaefe5000 	C:\WINDOWS\System32\KERNELBASE.dll
0x00007ffaaff40000 - 0x00007ffaaffe3000 	C:\WINDOWS\System32\ADVAPI32.dll
0x00007ffab0540000 - 0x00007ffab05de000 	C:\WINDOWS\System32\msvcrt.dll
0x00007ffab0300000 - 0x00007ffab0397000 	C:\WINDOWS\System32\sechost.dll
0x00007ffaaf170000 - 0x00007ffaaf290000 	C:\WINDOWS\System32\RPCRT4.dll
0x00007ffab03a0000 - 0x00007ffab0535000 	C:\WINDOWS\System32\USER32.dll
0x00007ffaaeb00000 - 0x00007ffaaeb21000 	C:\WINDOWS\System32\win32u.dll
0x00007ffaaff10000 - 0x00007ffaaff36000 	C:\WINDOWS\System32\GDI32.dll
0x00007ffaae0a0000 - 0x00007ffaae236000 	C:\WINDOWS\System32\gdi32full.dll
0x00007ffaaea60000 - 0x00007ffaaeafe000 	C:\WINDOWS\System32\msvcp_win.dll
0x00007ffaaec40000 - 0x00007ffaaed3a000 	C:\WINDOWS\System32\ucrtbase.dll
0x00007ffa93060000 - 0x00007ffa932e4000 	C:\WINDOWS\WinSxS\amd64_microsoft.windows.common-controls_6595b64144ccf1df_6.0.18362.1082_none_9e8193e1e45b25c1\COMCTL32.dll
0x00007ffab0650000 - 0x00007ffab0985000 	C:\WINDOWS\System32\combase.dll
0x00007ffaae9c0000 - 0x00007ffaaea40000 	C:\WINDOWS\System32\bcryptPrimitives.dll
0x00007ffab0260000 - 0x00007ffab028e000 	C:\WINDOWS\System32\IMM32.DLL
0x0000000053b60000 - 0x0000000053c32000 	C:\Program Files\Java\jdk1.8.0_151\jre\bin\msvcr100.dll
0x0000000053150000 - 0x00000000539ed000 	C:\Program Files\Java\jdk1.8.0_151\jre\bin\server\jvm.dll
0x00007ffa9e540000 - 0x00007ffa9e549000 	C:\WINDOWS\SYSTEM32\WSOCK32.dll
0x00007ffab0190000 - 0x00007ffab0198000 	C:\WINDOWS\System32\PSAPI.DLL
0x00007ffab05e0000 - 0x00007ffab064f000 	C:\WINDOWS\System32\WS2_32.dll
0x00007ffa95b60000 - 0x00007ffa95b84000 	C:\WINDOWS\SYSTEM32\WINMM.dll
0x00007ffaa89e0000 - 0x00007ffaa89ea000 	C:\WINDOWS\SYSTEM32\VERSION.dll
0x00007ffa94790000 - 0x00007ffa947bd000 	C:\WINDOWS\SYSTEM32\winmmbase.dll
0x00007ffaae050000 - 0x00007ffaae09a000 	C:\WINDOWS\System32\cfgmgr32.dll
0x0000000053b10000 - 0x0000000053b1f000 	C:\Program Files\Java\jdk1.8.0_151\jre\bin\verify.dll
0x0000000053ae0000 - 0x0000000053b09000 	C:\Program Files\Java\jdk1.8.0_151\jre\bin\java.dll
0x0000000053ac0000 - 0x0000000053ad6000 	C:\Program Files\Java\jdk1.8.0_151\jre\bin\zip.dll
0x00007ffaaf670000 - 0x00007ffaafd57000 	C:\WINDOWS\System32\SHELL32.dll
0x00007ffab0fd0000 - 0x00007ffab1079000 	C:\WINDOWS\System32\shcore.dll
0x00007ffaae240000 - 0x00007ffaae9c0000 	C:\WINDOWS\System32\windows.storage.dll
0x00007ffaae020000 - 0x00007ffaae043000 	C:\WINDOWS\System32\profapi.dll
0x00007ffaadfb0000 - 0x00007ffaadffa000 	C:\WINDOWS\System32\powrprof.dll
0x00007ffaadf80000 - 0x00007ffaadf90000 	C:\WINDOWS\System32\UMPDC.dll
0x00007ffab0f50000 - 0x00007ffab0fa2000 	C:\WINDOWS\System32\shlwapi.dll
0x00007ffaadf90000 - 0x00007ffaadfa1000 	C:\WINDOWS\System32\kernel.appcore.dll
0x00007ffaaea40000 - 0x00007ffaaea57000 	C:\WINDOWS\System32\cryptsp.dll
0x0000000052fb0000 - 0x0000000053148000 	C:\Program Files\Java\jdk1.8.0_151\jre\bin\awt.dll
0x00007ffaaf2f0000 - 0x00007ffaaf3b5000 	C:\WINDOWS\System32\OLEAUT32.dll
0x00007ffaac6d0000 - 0x00007ffaac75f000 	C:\WINDOWS\SYSTEM32\apphelp.dll
0x00007ffaac910000 - 0x00007ffaac93d000 	C:\WINDOWS\system32\DWMAPI.DLL
0x00007ffaac840000 - 0x00007ffaac8d9000 	C:\WINDOWS\system32\uxtheme.dll
0x00007ffa87860000 - 0x00007ffa879b6000 	C:\WINDOWS\system32\opengl32.dll
0x00007ffa87610000 - 0x00007ffa8763c000 	C:\WINDOWS\SYSTEM32\GLU32.dll
0x00007ffaacbd0000 - 0x00007ffaacbf0000 	C:\WINDOWS\SYSTEM32\dxcore.dll
0x00007ffaafff0000 - 0x00007ffab0125000 	C:\WINDOWS\System32\MSCTF.dll
0x00007ffaaf510000 - 0x00007ffaaf667000 	C:\WINDOWS\System32\ole32.dll
0x00007ffa9d5a0000 - 0x00007ffa9d5b8000 	C:\Program Files (x86)\Smadav\SmadHook64c.dll
0x00007ffaaeb30000 - 0x00007ffaaeb8c000 	C:\WINDOWS\System32\WINTRUST.dll
0x00007ffaae000000 - 0x00007ffaae012000 	C:\WINDOWS\System32\MSASN1.dll
0x00007ffaaeff0000 - 0x00007ffaaf139000 	C:\WINDOWS\System32\CRYPT32.dll
0x00007ffaad2e0000 - 0x00007ffaad313000 	C:\WINDOWS\system32\rsaenh.dll
0x00007ffaaf140000 - 0x00007ffaaf166000 	C:\WINDOWS\System32\bcrypt.dll
0x00007ffaadea0000 - 0x00007ffaadec5000 	C:\WINDOWS\SYSTEM32\USERENV.dll
0x00007ffaada50000 - 0x00007ffaada5c000 	C:\WINDOWS\SYSTEM32\CRYPTBASE.dll
0x0000000053aa0000 - 0x0000000053aba000 	C:\Program Files\Java\jdk1.8.0_151\jre\bin\net.dll
0x00007ffaad7d0000 - 0x00007ffaad837000 	C:\WINDOWS\system32\mswsock.dll
0x00007ffaad4e0000 - 0x00007ffaad51a000 	C:\WINDOWS\SYSTEM32\IPHLPAPI.DLL
0x00007ffab0ec0000 - 0x00007ffab0ec8000 	C:\WINDOWS\System32\NSI.dll
0x00007ffaa99d0000 - 0x00007ffaa99e6000 	C:\WINDOWS\SYSTEM32\dhcpcsvc6.DLL
0x00007ffaa98f0000 - 0x00007ffaa990c000 	C:\WINDOWS\SYSTEM32\dhcpcsvc.DLL
0x00007ffaad520000 - 0x00007ffaad5eb000 	C:\WINDOWS\SYSTEM32\DNSAPI.dll
0x0000000053a80000 - 0x0000000053a91000 	C:\Program Files\Java\jdk1.8.0_151\jre\bin\nio.dll
0x0000000052f60000 - 0x0000000052fa7000 	C:\Program Files\Java\jdk1.8.0_151\jre\bin\fontmanager.dll
0x00007ffab0e00000 - 0x00007ffab0ea2000 	C:\WINDOWS\System32\clbcatq.dll
0x00007ffaa43f0000 - 0x00007ffaa459f000 	C:\WINDOWS\SYSTEM32\WindowsCodecs.dll
0x00007ffa9d9d0000 - 0x00007ffa9da0a000 	C:\WINDOWS\system32\dataexchange.dll
0x00007ffaab600000 - 0x00007ffaab85b000 	C:\WINDOWS\system32\d3d11.dll
0x00007ffaabcc0000 - 0x00007ffaabe9d000 	C:\WINDOWS\system32\dcomp.dll
0x00007ffaacc60000 - 0x00007ffaacd4b000 	C:\WINDOWS\system32\dxgi.dll
0x00007ffaa4180000 - 0x00007ffaa43e2000 	C:\WINDOWS\system32\twinapi.appcore.dll
0x00007ffaa9a40000 - 0x00007ffaa9a69000 	C:\WINDOWS\system32\RMCLIENT.dll
0x0000000052f10000 - 0x0000000052f52000 	C:\Program Files\Java\jdk1.8.0_151\jre\bin\t2k.dll
0x00007ffa9a6d0000 - 0x00007ffa9a76e000 	C:\WINDOWS\System32\TextInputFramework.dll
0x00007ffaa45a0000 - 0x00007ffaa48ca000 	C:\WINDOWS\System32\CoreUIComponents.dll
0x00007ffaabea0000 - 0x00007ffaabf74000 	C:\WINDOWS\System32\CoreMessaging.dll
0x00007ffaad070000 - 0x00007ffaad0a1000 	C:\WINDOWS\SYSTEM32\ntmarta.dll
0x00007ffaa4b50000 - 0x00007ffaa4ca3000 	C:\WINDOWS\SYSTEM32\wintypes.dll
0x0000000052eb0000 - 0x0000000052ed4000 	C:\Program Files\Java\jdk1.8.0_151\jre\bin\sunec.dll
0x00007ffaaa6c0000 - 0x00007ffaaa6ca000 	C:\Windows\System32\rasadhlp.dll
0x00007ffaa97d0000 - 0x00007ffaa9847000 	C:\WINDOWS\System32\fwpuclnt.dll
0x00007ffaa9a70000 - 0x00007ffaa9d16000 	C:\WINDOWS\System32\iertutil.dll

VM Arguments:
jvm_args: -Dfile.encoding=UTF-8 
java_command: applicationmaster.ApplicationMaster
java_class_path (initial): C:\Users\PC2020\Desktop\mongo-java-driver-3.12.6.jar;C:\Users\PC2020\Desktop\jcalendar-1.4.jar;C:\Users\PC2020\Desktop\setup.jar;C:\Program Files\NetBeans 8\NetBeans 8.2\java\modules\ext\AbsoluteLayout.jar;C:\Users\PC2020\Desktop\RojeruSan.lib.jar;C:\Users\PC2020\Desktop\jfreechart-1.0.19.jar;C:\Users\PC2020\Desktop\jcommon-1.0.24.jar;C:\Users\PC2020\Desktop\mimi-master\build\classes
Launcher Type: SUN_STANDARD

Environment Variables:
JAVA_HOME=C:\Program Files\Java\jre1.8.0_241
PATH=C:\Program Files\AdoptOpenJDK\jdk-8.0.265.01-hotspot\bin;C:\Program Files\AdoptOpenJDK\jre-8.0.265.01-hotspot\bin;C:\Program Files (x86)\Common Files\Oracle\Java\javapath;C:\WINDOWS\system32;C:\WINDOWS;C:\WINDOWS\System32\Wbem;C:\WINDOWS\System32\WindowsPowerShell\v1.0\;C:\WINDOWS\System32\OpenSSH\;C:\Python27;C:\Program Files\apache-cassandra-3.11.5-bin;C:\Users\PC2020\AppData\Local\Microsoft\WindowsApps;C:\Users\PC2020\AppData\Local\Programs\MiKTeX 2.9\miktex\bin\x64\;C:\Python27;C:\Program Files\apache-cassandra-3.11.5-bin;C:\Program Files\MongoDB\Server\4.2\bin;
USERNAME=PC2020
OS=Windows_NT
PROCESSOR_IDENTIFIER=Intel64 Family 6 Model 78 Stepping 3, GenuineIntel



---------------  S Y S T E M  ---------------

OS: Windows 10.0 , 64 bit Build 18362 (10.0.18362.1082)

CPU:total 4 (initial active 4) (2 cores per cpu, 2 threads per core) family 6 model 78 stepping 3, cmov, cx8, fxsr, mmx, sse, sse2, sse3, ssse3, sse4.1, sse4.2, popcnt, avx, avx2, aes, clmul, erms, rtm, 3dnowpref, lzcnt, ht, tsc, tscinvbit, bmi1, bmi2, adx

Memory: 4k page, physical 8266332k(383220k free), swap 20907388k(6716k free)

vm_info: Java HotSpot(TM) 64-Bit Server VM (25.151-b12) for windows-amd64 JRE (1.8.0_151-b12), built on Sep  5 2017 19:33:46 by "java_re" with MS VC++ 10.0 (VS2010)

time: Tue Sep 29 17:40:07 2020
elapsed time: 22 seconds (0d 0h 0m 22s)

