#
# There is insufficient memory for the Java Runtime Environment to continue.
# Native memory allocation (malloc) failed to allocate 32744 bytes for ChunkPool::allocate
# Possible reasons:
#   The system is out of physical RAM or swap space
#   In 32 bit mode, the process size limit was hit
# Possible solutions:
#   Reduce memory load on the system
#   Increase physical memory or swap space
#   Check if swap backing store is full
#   Use 64 bit Java on a 64 bit OS
#   Decrease Java heap size (-Xmx/-Xms)
#   Decrease number of Java threads
#   Decrease Java thread stack sizes (-Xss)
#   Set larger code cache with -XX:ReservedCodeCacheSize=
# This output file may be truncated or incomplete.
#
#  Out of Memory Error (allocation.cpp:273), pid=12336, tid=0x0000000000003320
#
# JRE version: Java(TM) SE Runtime Environment (8.0_151-b12) (build 1.8.0_151-b12)
# Java VM: Java HotSpot(TM) 64-Bit Server VM (25.151-b12 mixed mode windows-amd64 compressed oops)
# Failed to write core dump. Minidumps are not enabled by default on client versions of Windows
#

---------------  T H R E A D  ---------------

Current thread (0x0000000019cb1800):  JavaThread "AWT-EventQueue-0" [_thread_in_vm, id=13088, stack(0x000000001b0d0000,0x000000001b1d0000)]

Stack: [0x000000001b0d0000,0x000000001b1d0000]
[error occurred during error reporting (printing stack bounds), id 0xc0000005]

Native frames: (J=compiled Java code, j=interpreted, Vv=VM code, C=native code)

Java frames: (J=compiled Java code, j=interpreted, Vv=VM code)
j  ConnectionDB.operationDataBase.FillTo_TableView(Ljavax/swing/JTable;)V+938
j  tableFrame.tableOperationMongoDB.formWindowOpened(Ljava/awt/event/WindowEvent;)V+4
j  tableFrame.tableOperationMongoDB.access$000(LtableFrame/tableOperationMongoDB;Ljava/awt/event/WindowEvent;)V+2
j  tableFrame.tableOperationMongoDB$1.windowOpened(Ljava/awt/event/WindowEvent;)V+5
j  java.awt.Window.processWindowEvent(Ljava/awt/event/WindowEvent;)V+58
j  javax.swing.JFrame.processWindowEvent(Ljava/awt/event/WindowEvent;)V+2
j  java.awt.Window.processEvent(Ljava/awt/AWTEvent;)V+69
j  java.awt.Component.dispatchEventImpl(Ljava/awt/AWTEvent;)V+589
J 1597 C1 java.awt.Container.dispatchEventImpl(Ljava/awt/AWTEvent;)V (129 bytes) @ 0x00000000034a57c4 [0x00000000034a5680+0x144]
j  java.awt.Window.dispatchEventImpl(Ljava/awt/AWTEvent;)V+19
J 2099 C1 java.awt.EventQueue.dispatchEventImpl(Ljava/awt/AWTEvent;Ljava/lang/Object;)V (149 bytes) @ 0x00000000035f973c [0x00000000035f7f00+0x183c]
J 2097 C1 java.awt.EventQueue$3.run()Ljava/lang/Void; (60 bytes) @ 0x00000000035f76cc [0x00000000035f74c0+0x20c]
J 2096 C1 java.awt.EventQueue$3.run()Ljava/lang/Object; (5 bytes) @ 0x00000000035f714c [0x00000000035f70c0+0x8c]
v  ~StubRoutines::call_stub
J 1494  java.security.AccessController.doPrivileged(Ljava/security/PrivilegedAction;Ljava/security/AccessControlContext;)Ljava/lang/Object; (0 bytes) @ 0x00000000030b3d26 [0x00000000030b3cc0+0x66]
J 1508 C1 java.security.ProtectionDomain$JavaSecurityAccessImpl.doIntersectionPrivilege(Ljava/security/PrivilegedAction;Ljava/security/AccessControlContext;Ljava/security/AccessControlContext;)Ljava/lang/Object; (22 bytes) @ 0x00000000030cc4ec [0x00000000030cc080+0x46c]
j  java.security.ProtectionDomain$JavaSecurityAccessImpl.doIntersectionPrivilege(Ljava/security/PrivilegedAction;Ljava/security/AccessControlContext;)Ljava/lang/Object;+6
j  java.awt.EventQueue$4.run()Ljava/lang/Void;+11
j  java.awt.EventQueue$4.run()Ljava/lang/Object;+1
v  ~StubRoutines::call_stub
J 1494  java.security.AccessController.doPrivileged(Ljava/security/PrivilegedAction;Ljava/security/AccessControlContext;)Ljava/lang/Object; (0 bytes) @ 0x00000000030b3d26 [0x00000000030b3cc0+0x66]
J 1585 C1 java.awt.EventQueue.dispatchEvent(Ljava/awt/AWTEvent;)V (80 bytes) @ 0x000000000349ce7c [0x000000000349c000+0xe7c]
J 2128 C1 java.awt.EventDispatchThread.pumpOneEventForFilters(I)V (295 bytes) @ 0x0000000003610234 [0x000000000360e580+0x1cb4]
j  java.awt.EventDispatchThread.pumpEventsForFilter(ILjava/awt/Conditional;Ljava/awt/EventFilter;)V+35
j  java.awt.EventDispatchThread.pumpEventsForHierarchy(ILjava/awt/Conditional;Ljava/awt/Component;)V+11
j  java.awt.EventDispatchThread.pumpEvents(ILjava/awt/Conditional;)V+4
j  java.awt.EventDispatchThread.pumpEvents(Ljava/awt/Conditional;)V+3
j  java.awt.EventDispatchThread.run()V+9
v  ~StubRoutines::call_stub

---------------  P R O C E S S  ---------------

Java Threads: ( => current thread )
  0x0000000019fd9800 JavaThread "CleanCursors-3-thread-1" daemon [_thread_blocked, id=17536, stack(0x000000001e4e0000,0x000000001e5e0000)]
  0x0000000019e7e800 JavaThread "cluster-ClusterId{value='5f747956b869855509d8d0e3', description='null'}-localhost:27017" daemon [_thread_blocked, id=13232, stack(0x000000001e3e0000,0x000000001e4e0000)]
  0x000000001948e800 JavaThread "CleanCursors-2-thread-1" daemon [_thread_blocked, id=17056, stack(0x000000001e0e0000,0x000000001e1e0000)]
  0x000000001948d800 JavaThread "cluster-ClusterId{value='5f747956b869855509d8d0e2', description='null'}-localhost:27017" daemon [_thread_blocked, id=15772, stack(0x000000001dfe0000,0x000000001e0e0000)]
  0x000000001951f800 JavaThread "TimerQueue" daemon [_thread_blocked, id=13956, stack(0x000000001dee0000,0x000000001dfe0000)]
  0x000000001a245800 JavaThread "CleanCursors-1-thread-1" daemon [_thread_blocked, id=10572, stack(0x000000001d3e0000,0x000000001d4e0000)]
  0x000000001a220800 JavaThread "cluster-ClusterId{value='5f74794bb869855509d8d0e1', description='null'}-localhost:27017" daemon [_thread_blocked, id=12148, stack(0x000000001d2e0000,0x000000001d3e0000)]
  0x0000000002de0800 JavaThread "DestroyJavaVM" [_thread_blocked, id=18676, stack(0x0000000002c70000,0x0000000002d70000)]
=>0x0000000019cb1800 JavaThread "AWT-EventQueue-0" [_thread_in_vm, id=13088, stack(0x000000001b0d0000,0x000000001b1d0000)]
  0x0000000019c49800 JavaThread "AWT-Windows" daemon [_thread_in_native, id=17232, stack(0x000000001a5e0000,0x000000001a6e0000)]
  0x0000000019bf2800 JavaThread "AWT-Shutdown" [_thread_blocked, id=2352, stack(0x000000001a4e0000,0x000000001a5e0000)]
  0x0000000019bf0800 JavaThread "Java2D Disposer" daemon [_thread_blocked, id=16396, stack(0x000000001a3e0000,0x000000001a4e0000)]
  0x00000000194a0800 JavaThread "Service Thread" daemon [_thread_blocked, id=11552, stack(0x0000000019870000,0x0000000019970000)]
  0x0000000017ae9800 JavaThread "C1 CompilerThread2" daemon [_thread_blocked, id=13372, stack(0x0000000019370000,0x0000000019470000)]
  0x0000000017ae4000 JavaThread "C2 CompilerThread1" daemon [_thread_blocked, id=8280, stack(0x0000000019270000,0x0000000019370000)]
  0x0000000017add000 JavaThread "C2 CompilerThread0" daemon [_thread_in_native, id=1836, stack(0x0000000019170000,0x0000000019270000)]
  0x0000000017adc000 JavaThread "Attach Listener" daemon [_thread_blocked, id=11656, stack(0x0000000019070000,0x0000000019170000)]
  0x0000000017adb000 JavaThread "Signal Dispatcher" daemon [_thread_blocked, id=11944, stack(0x0000000018f70000,0x0000000019070000)]
  0x0000000017aca800 JavaThread "Finalizer" daemon [_thread_blocked, id=1984, stack(0x0000000018d40000,0x0000000018e40000)]
  0x0000000002ed1000 JavaThread "Reference Handler" daemon [_thread_blocked, id=6532, stack(0x0000000018c40000,0x0000000018d40000)]

Other Threads:
  0x0000000017aa6800 VMThread [stack: 0x0000000018b40000,0x0000000018c40000] [id=14024]
  0x00000000194b3000 WatcherThread [stack: 0x0000000019ae0000,0x0000000019be0000] [id=15480]

VM state:not at safepoint (normal execution)

VM Mutex/Monitor currently owned by a thread: None

Heap:
 PSYoungGen      total 165888K, used 72451K [0x00000000d5f00000, 0x00000000e3b80000, 0x0000000100000000)
  eden space 122368K, 59% used [0x00000000d5f00000,0x00000000da5c0c80,0x00000000dd680000)
  from space 43520K, 0% used [0x00000000e1100000,0x00000000e1100000,0x00000000e3b80000)
  to   space 51712K, 0% used [0x00000000dd680000,0x00000000dd680000,0x00000000e0900000)
 ParOldGen       total 275456K, used 150995K [0x0000000081c00000, 0x0000000092900000, 0x00000000d5f00000)
  object space 275456K, 54% used [0x0000000081c00000,0x000000008af74dd8,0x0000000092900000)
 Metaspace       used 19623K, capacity 20004K, committed 20352K, reserved 1067008K
  class space    used 2438K, capacity 2566K, committed 2688K, reserved 1048576K

Card table byte_map: [0x0000000012370000,0x0000000012770000] byte_map_base: 0x0000000011f62000

Marking Bits: (ParMarkBitMap*) 0x000000005396d850
 Begin Bits: [0x0000000012e20000, 0x0000000014db0000)
 End Bits:   [0x0000000014db0000, 0x0000000016d40000)

Polling page: 0x0000000002d70000

CodeCache: size=245760Kb used=7058Kb max_used=7138Kb free=238701Kb
 bounds [0x0000000002fb0000, 0x00000000036c0000, 0x0000000011fb0000]
 total_blobs=2822 nmethods=2264 adapters=469
 compilation: enabled

Compilation events (10 events):
Event: 18.737 Thread 0x0000000017ae9800 nmethod 2416 0x0000000003299b90 code [0x0000000003299d60, 0x000000000329a518]
Event: 18.778 Thread 0x0000000017add000 2417 % !   4       ConnectionDB.operationDataBase::FillTo_TableView @ 94 (1769 bytes)
Event: 19.794 Thread 0x0000000017ae4000 2418       4       com.mongodb.client.internal.MongoBatchCursorAdapter::next (40 bytes)
Event: 19.798 Thread 0x0000000017ae4000 nmethod 2418 0x00000000031aa450 code [0x00000000031aa5c0, 0x00000000031aa7f8]
Event: 19.798 Thread 0x0000000017ae4000 2419       4       com.mongodb.client.internal.MongoBatchCursorAdapter::getNextInBatch (57 bytes)
Event: 19.799 Thread 0x0000000017ae4000 nmethod 2419 0x0000000003303fd0 code [0x0000000003304120, 0x0000000003304238]
Event: 19.822 Thread 0x0000000017ae4000 2420       4       com.mongodb.DBCursor::next (27 bytes)
Event: 19.832 Thread 0x0000000017ae4000 nmethod 2420 0x0000000003180c10 code [0x0000000003180de0, 0x0000000003181468]
Event: 19.832 Thread 0x0000000017ae4000 2421       4       com.mongodb.DBCursor::nextInternal (46 bytes)
Event: 19.838 Thread 0x0000000017ae4000 nmethod 2421 0x00000000031de8d0 code [0x00000000031dea60, 0x00000000031deeb8]

GC Heap History (10 events):
Event: 16.467 GC heap before
{Heap before GC invocations=6 (full 1):
 PSYoungGen      total 71680K, used 5102K [0x00000000d5f00000, 0x00000000e4100000, 0x0000000100000000)
  eden space 66560K, 0% used [0x00000000d5f00000,0x00000000d5f00000,0x00000000da000000)
  from space 5120K, 99% used [0x00000000da000000,0x00000000da4fb978,0x00000000da500000)
  to   space 49152K, 0% used [0x00000000e1100000,0x00000000e1100000,0x00000000e4100000)
 ParOldGen       total 96256K, used 94344K [0x0000000081c00000, 0x0000000087a00000, 0x00000000d5f00000)
  object space 96256K, 98% used [0x0000000081c00000,0x0000000087822338,0x0000000087a00000)
 Metaspace       used 19600K, capacity 20004K, committed 20352K, reserved 1067008K
  class space    used 2437K, capacity 2566K, committed 2688K, reserved 1048576K
Event: 16.924 GC heap after
Heap after GC invocations=6 (full 1):
 PSYoungGen      total 71680K, used 0K [0x00000000d5f00000, 0x00000000e4100000, 0x0000000100000000)
  eden space 66560K, 0% used [0x00000000d5f00000,0x00000000d5f00000,0x00000000da000000)
  from space 5120K, 0% used [0x00000000da000000,0x00000000da000000,0x00000000da500000)
  to   space 49152K, 0% used [0x00000000e1100000,0x00000000e1100000,0x00000000e4100000)
 ParOldGen       total 178688K, used 96241K [0x0000000081c00000, 0x000000008ca80000, 0x00000000d5f00000)
  object space 178688K, 53% used [0x0000000081c00000,0x00000000879fc510,0x000000008ca80000)
 Metaspace       used 19600K, capacity 20004K, committed 20352K, reserved 1067008K
  class space    used 2437K, capacity 2566K, committed 2688K, reserved 1048576K
}
Event: 17.143 GC heap before
{Heap before GC invocations=7 (full 1):
 PSYoungGen      total 71680K, used 66560K [0x00000000d5f00000, 0x00000000e4100000, 0x0000000100000000)
  eden space 66560K, 100% used [0x00000000d5f00000,0x00000000da000000,0x00000000da000000)
  from space 5120K, 0% used [0x00000000da000000,0x00000000da000000,0x00000000da500000)
  to   space 49152K, 0% used [0x00000000e1100000,0x00000000e1100000,0x00000000e4100000)
 ParOldGen       total 178688K, used 96241K [0x0000000081c00000, 0x000000008ca80000, 0x00000000d5f00000)
  object space 178688K, 53% used [0x0000000081c00000,0x00000000879fc510,0x000000008ca80000)
 Metaspace       used 19613K, capacity 20004K, committed 20352K, reserved 1067008K
  class space    used 2437K, capacity 2566K, committed 2688K, reserved 1048576K
Event: 17.190 GC heap after
Heap after GC invocations=7 (full 1):
 PSYoungGen      total 165888K, used 35289K [0x00000000d5f00000, 0x00000000e3b80000, 0x0000000100000000)
  eden space 122368K, 0% used [0x00000000d5f00000,0x00000000d5f00000,0x00000000dd680000)
  from space 43520K, 81% used [0x00000000e1100000,0x00000000e3376520,0x00000000e3b80000)
  to   space 51712K, 0% used [0x00000000dd680000,0x00000000dd680000,0x00000000e0900000)
 ParOldGen       total 178688K, used 96249K [0x0000000081c00000, 0x000000008ca80000, 0x00000000d5f00000)
  object space 178688K, 53% used [0x0000000081c00000,0x00000000879fe510,0x000000008ca80000)
 Metaspace       used 19613K, capacity 20004K, committed 20352K, reserved 1067008K
  class space    used 2437K, capacity 2566K, committed 2688K, reserved 1048576K
}
Event: 18.507 GC heap before
{Heap before GC invocations=8 (full 1):
 PSYoungGen      total 165888K, used 157657K [0x00000000d5f00000, 0x00000000e3b80000, 0x0000000100000000)
  eden space 122368K, 100% used [0x00000000d5f00000,0x00000000dd680000,0x00000000dd680000)
  from space 43520K, 81% used [0x00000000e1100000,0x00000000e3376520,0x00000000e3b80000)
  to   space 51712K, 0% used [0x00000000dd680000,0x00000000dd680000,0x00000000e0900000)
 ParOldGen       total 178688K, used 96249K [0x0000000081c00000, 0x000000008ca80000, 0x00000000d5f00000)
  object space 178688K, 53% used [0x0000000081c00000,0x00000000879fe510,0x000000008ca80000)
 Metaspace       used 19620K, capacity 20004K, committed 20352K, reserved 1067008K
  class space    used 2438K, capacity 2566K, committed 2688K, reserved 1048576K
Event: 18.592 GC heap after
Heap after GC invocations=8 (full 1):
 PSYoungGen      total 174080K, used 51696K [0x00000000d5f00000, 0x00000000e3b80000, 0x0000000100000000)
  eden space 122368K, 0% used [0x00000000d5f00000,0x00000000d5f00000,0x00000000dd680000)
  from space 51712K, 99% used [0x00000000dd680000,0x00000000e08fc0d8,0x00000000e0900000)
  to   space 43520K, 0% used [0x00000000e1100000,0x00000000e1100000,0x00000000e3b80000)
 ParOldGen       total 178688K, used 124609K [0x0000000081c00000, 0x000000008ca80000, 0x00000000d5f00000)
  object space 178688K, 69% used [0x0000000081c00000,0x00000000895b0510,0x000000008ca80000)
 Metaspace       used 19620K, capacity 20004K, committed 20352K, reserved 1067008K
  class space    used 2438K, capacity 2566K, committed 2688K, reserved 1048576K
}
Event: 18.782 GC heap before
{Heap before GC invocations=9 (full 1):
 PSYoungGen      total 174080K, used 174064K [0x00000000d5f00000, 0x00000000e3b80000, 0x0000000100000000)
  eden space 122368K, 100% used [0x00000000d5f00000,0x00000000dd680000,0x00000000dd680000)
  from space 51712K, 99% used [0x00000000dd680000,0x00000000e08fc0d8,0x00000000e0900000)
  to   space 43520K, 0% used [0x00000000e1100000,0x00000000e1100000,0x00000000e3b80000)
 ParOldGen       total 178688K, used 124609K [0x0000000081c00000, 0x000000008ca80000, 0x00000000d5f00000)
  object space 178688K, 69% used [0x0000000081c00000,0x00000000895b0510,0x000000008ca80000)
 Metaspace       used 19623K, capacity 20004K, committed 20352K, reserved 1067008K
  class space    used 2438K, capacity 2566K, committed 2688K, reserved 1048576K
Event: 18.918 GC heap after
Heap after GC invocations=9 (full 1):
 PSYoungGen      total 165888K, used 43506K [0x00000000d5f00000, 0x00000000e3b80000, 0x0000000100000000)
  eden space 122368K, 0% used [0x00000000d5f00000,0x00000000d5f00000,0x00000000dd680000)
  from space 43520K, 99% used [0x00000000e1100000,0x00000000e3b7ca50,0x00000000e3b80000)
  to   space 51712K, 0% used [0x00000000dd680000,0x00000000dd680000,0x00000000e0900000)
 ParOldGen       total 201216K, used 200969K [0x0000000081c00000, 0x000000008e080000, 0x00000000d5f00000)
  object space 201216K, 99% used [0x0000000081c00000,0x000000008e042510,0x000000008e080000)
 Metaspace       used 19623K, capacity 20004K, committed 20352K, reserved 1067008K
  class space    used 2438K, capacity 2566K, committed 2688K, reserved 1048576K
}
Event: 18.918 GC heap before
{Heap before GC invocations=10 (full 2):
 PSYoungGen      total 165888K, used 43506K [0x00000000d5f00000, 0x00000000e3b80000, 0x0000000100000000)
  eden space 122368K, 0% used [0x00000000d5f00000,0x00000000d5f00000,0x00000000dd680000)
  from space 43520K, 99% used [0x00000000e1100000,0x00000000e3b7ca50,0x00000000e3b80000)
  to   space 51712K, 0% used [0x00000000dd680000,0x00000000dd680000,0x00000000e0900000)
 ParOldGen       total 201216K, used 200969K [0x0000000081c00000, 0x000000008e080000, 0x00000000d5f00000)
  object space 201216K, 99% used [0x0000000081c00000,0x000000008e042510,0x000000008e080000)
 Metaspace       used 19623K, capacity 20004K, committed 20352K, reserved 1067008K
  class space    used 2438K, capacity 2566K, committed 2688K, reserved 1048576K
Event: 19.664 GC heap after
Heap after GC invocations=10 (full 2):
 PSYoungGen      total 165888K, used 0K [0x00000000d5f00000, 0x00000000e3b80000, 0x0000000100000000)
  eden space 122368K, 0% used [0x00000000d5f00000,0x00000000d5f00000,0x00000000dd680000)
  from space 43520K, 0% used [0x00000000e1100000,0x00000000e1100000,0x00000000e3b80000)
  to   space 51712K, 0% used [0x00000000dd680000,0x00000000dd680000,0x00000000e0900000)
 ParOldGen       total 275456K, used 150995K [0x0000000081c00000, 0x0000000092900000, 0x00000000d5f00000)
  object space 275456K, 54% used [0x0000000081c00000,0x000000008af74dd8,0x0000000092900000)
 Metaspace       used 19623K, capacity 20004K, committed 20352K, reserved 1067008K
  class space    used 2438K, capacity 2566K, committed 2688K, reserved 1048576K
}

Deoptimization events (10 events):
Event: 3.853 Thread 0x0000000019cb1800 Uncommon trap: reason=unstable_if action=reinterpret pc=0x000000000328db08 method=java.util.HashMap.putVal(ILjava/lang/Object;Ljava/lang/Object;ZZ)Ljava/lang/Object; @ 236
Event: 3.957 Thread 0x0000000019cb1800 Uncommon trap: reason=class_check action=maybe_recompile pc=0x0000000003317e9c method=java.util.regex.Pattern$BmpCharProperty.match(Ljava/util/regex/Matcher;ILjava/lang/CharSequence;)Z @ 31
Event: 3.957 Thread 0x0000000019cb1800 Uncommon trap: reason=unstable_if action=reinterpret pc=0x0000000003317e38 method=java.util.regex.Pattern$BmpCharProperty.match(Ljava/util/regex/Matcher;ILjava/lang/CharSequence;)Z @ 5
Event: 4.719 Thread 0x0000000019cb1800 Uncommon trap: reason=unstable_if action=reinterpret pc=0x00000000032f2a08 method=java.lang.ref.SoftReference.get()Ljava/lang/Object; @ 17
Event: 4.803 Thread 0x000000001a220800 Uncommon trap: reason=unstable_if action=reinterpret pc=0x0000000003301b1c method=java.lang.CharacterDataLatin1.digit(II)I @ 82
Event: 4.884 Thread 0x0000000019cb1800 Uncommon trap: reason=unstable_if action=reinterpret pc=0x00000000032ed594 method=java.lang.CharacterDataLatin1.digit(II)I @ 82
Event: 15.430 Thread 0x0000000019cb1800 Uncommon trap: reason=unstable_if action=reinterpret pc=0x00000000033d7b20 method=java.util.Arrays.equals([B[B)Z @ 2
Event: 16.998 Thread 0x0000000019cb1800 Uncommon trap: reason=unstable_if action=reinterpret pc=0x000000000365ab68 method=java.lang.Integer.parseInt(Ljava/lang/String;I)I @ 122
Event: 18.336 Thread 0x0000000019cb1800 Uncommon trap: reason=unstable_if action=reinterpret pc=0x000000000318e7ec method=com.mongodb.client.internal.MongoBatchCursorAdapter.getNextInBatch()Ljava/lang/Object; @ 29
Event: 18.733 Thread 0x0000000019cb1800 Uncommon trap: reason=unstable_if action=reinterpret pc=0x00000000032ccf2c method=com.mongodb.client.internal.MongoBatchCursorAdapter.next()Ljava/lang/Object; @ 19

Internal exceptions (10 events):
Event: 20.900 Thread 0x0000000019cb1800 Exception <a 'java/lang/ClassCastException': java.lang.Integer cannot be cast to java.lang.Double> (0x00000000da3de7f0) thrown at [C:\re\workspace\8-2-build-windows-amd64-cygwin\jdk8u151\9699\hotspot\src\share\vm\interpreter\interpreterRuntime.cpp, line 3
Event: 20.900 Thread 0x0000000019cb1800 Exception <a 'java/lang/ClassCastException': java.lang.Integer cannot be cast to java.lang.Double> (0x00000000da3dea88) thrown at [C:\re\workspace\8-2-build-windows-amd64-cygwin\jdk8u151\9699\hotspot\src\share\vm\interpreter\interpreterRuntime.cpp, line 3
Event: 20.900 Thread 0x0000000019cb1800 Exception <a 'java/lang/ClassCastException': java.lang.Integer cannot be cast to java.lang.Double> (0x00000000da3df1b0) thrown at [C:\re\workspace\8-2-build-windows-amd64-cygwin\jdk8u151\9699\hotspot\src\share\vm\interpreter\interpreterRuntime.cpp, line 3
Event: 20.900 Thread 0x0000000019cb1800 Exception <a 'java/lang/ClassCastException': java.lang.Integer cannot be cast to java.lang.Double> (0x00000000da3df448) thrown at [C:\re\workspace\8-2-build-windows-amd64-cygwin\jdk8u151\9699\hotspot\src\share\vm\interpreter\interpreterRuntime.cpp, line 3
Event: 20.900 Thread 0x0000000019cb1800 Exception <a 'java/lang/ClassCastException': java.lang.Double cannot be cast to java.lang.Integer> (0x00000000da3df6e0) thrown at [C:\re\workspace\8-2-build-windows-amd64-cygwin\jdk8u151\9699\hotspot\src\share\vm\interpreter\interpreterRuntime.cpp, line 3
Event: 20.900 Thread 0x0000000019cb1800 Exception <a 'java/lang/ClassCastException': java.lang.Integer cannot be cast to java.lang.Double> (0x00000000da3dfe08) thrown at [C:\re\workspace\8-2-build-windows-amd64-cygwin\jdk8u151\9699\hotspot\src\share\vm\interpreter\interpreterRuntime.cpp, line 3
Event: 20.900 Thread 0x0000000019cb1800 Exception <a 'java/lang/ClassCastException': java.lang.Integer cannot be cast to java.lang.Double> (0x00000000da3e00a0) thrown at [C:\re\workspace\8-2-build-windows-amd64-cygwin\jdk8u151\9699\hotspot\src\share\vm\interpreter\interpreterRuntime.cpp, line 3
Event: 20.900 Thread 0x0000000019cb1800 Exception <a 'java/lang/ClassCastException': java.lang.Integer cannot be cast to java.lang.Double> (0x00000000da3e07c8) thrown at [C:\re\workspace\8-2-build-windows-amd64-cygwin\jdk8u151\9699\hotspot\src\share\vm\interpreter\interpreterRuntime.cpp, line 3
Event: 20.900 Thread 0x0000000019cb1800 Exception <a 'java/lang/ClassCastException': java.lang.Double cannot be cast to java.lang.Integer> (0x00000000da3e0a60) thrown at [C:\re\workspace\8-2-build-windows-amd64-cygwin\jdk8u151\9699\hotspot\src\share\vm\interpreter\interpreterRuntime.cpp, line 3
Event: 20.900 Thread 0x0000000019cb1800 Exception <a 'java/lang/ClassCastException': java.lang.Integer cannot be cast to java.lang.Double> (0x00000000da3e1188) thrown at [C:\re\workspace\8-2-build-windows-amd64-cygwin\jdk8u151\9699\hotspot\src\share\vm\interpreter\interpreterRuntime.cpp, line 3

Events (10 events):
Event: 18.336 Thread 0x0000000019cb1800 Uncommon trap: trap_request=0xffffff65 fr.pc=0x000000000318e7ec
Event: 18.336 Thread 0x0000000019cb1800 DEOPT PACKING pc=0x000000000318e7ec sp=0x000000001b1ccd20
Event: 18.336 Thread 0x0000000019cb1800 DEOPT UNPACKING pc=0x0000000002ff582a sp=0x000000001b1ccbc8 mode 2
Event: 18.507 Executing VM operation: ParallelGCFailedAllocation
Event: 18.592 Executing VM operation: ParallelGCFailedAllocation done
Event: 18.733 Thread 0x0000000019cb1800 Uncommon trap: trap_request=0xffffff65 fr.pc=0x00000000032ccf2c
Event: 18.733 Thread 0x0000000019cb1800 DEOPT PACKING pc=0x00000000032ccf2c sp=0x000000001b1cccd0
Event: 18.733 Thread 0x0000000019cb1800 DEOPT UNPACKING pc=0x0000000002ff582a sp=0x000000001b1ccc38 mode 2
Event: 18.782 Executing VM operation: ParallelGCFailedAllocation
Event: 19.664 Executing VM operation: ParallelGCFailedAllocation done


Dynamic libraries:
0x00007ff7cade0000 - 0x00007ff7cae17000 	C:\Program Files\Java\jdk1.8.0_151\jre\bin\java.exe
0x00007ffab10c0000 - 0x00007ffab12b0000 	C:\WINDOWS\SYSTEM32\ntdll.dll
0x00007ffab01a0000 - 0x00007ffab0252000 	C:\WINDOWS\System32\KERNEL32.DLL
0x00007ffaaed40000 - 0x00007ffaaefe5000 	C:\WINDOWS\System32\KERNELBASE.dll
0x00007ffaaff40000 - 0x00007ffaaffe3000 	C:\WINDOWS\System32\ADVAPI32.dll
0x00007ffab0540000 - 0x00007ffab05de000 	C:\WINDOWS\System32\msvcrt.dll
0x00007ffab0300000 - 0x00007ffab0397000 	C:\WINDOWS\System32\sechost.dll
0x00007ffaaf170000 - 0x00007ffaaf290000 	C:\WINDOWS\System32\RPCRT4.dll
0x00007ffab03a0000 - 0x00007ffab0535000 	C:\WINDOWS\System32\USER32.dll
0x00007ffaaeb00000 - 0x00007ffaaeb21000 	C:\WINDOWS\System32\win32u.dll
0x00007ffaaff10000 - 0x00007ffaaff36000 	C:\WINDOWS\System32\GDI32.dll
0x00007ffaae0a0000 - 0x00007ffaae236000 	C:\WINDOWS\System32\gdi32full.dll
0x00007ffaaea60000 - 0x00007ffaaeafe000 	C:\WINDOWS\System32\msvcp_win.dll
0x00007ffaaec40000 - 0x00007ffaaed3a000 	C:\WINDOWS\System32\ucrtbase.dll
0x00007ffa93060000 - 0x00007ffa932e4000 	C:\WINDOWS\WinSxS\amd64_microsoft.windows.common-controls_6595b64144ccf1df_6.0.18362.1082_none_9e8193e1e45b25c1\COMCTL32.dll
0x00007ffab0650000 - 0x00007ffab0985000 	C:\WINDOWS\System32\combase.dll
0x00007ffaae9c0000 - 0x00007ffaaea40000 	C:\WINDOWS\System32\bcryptPrimitives.dll
0x00007ffab0260000 - 0x00007ffab028e000 	C:\WINDOWS\System32\IMM32.DLL
0x0000000053b60000 - 0x0000000053c32000 	C:\Program Files\Java\jdk1.8.0_151\jre\bin\msvcr100.dll
0x0000000053150000 - 0x00000000539ed000 	C:\Program Files\Java\jdk1.8.0_151\jre\bin\server\jvm.dll
0x00007ffab0190000 - 0x00007ffab0198000 	C:\WINDOWS\System32\PSAPI.DLL
0x00007ffa95b60000 - 0x00007ffa95b84000 	C:\WINDOWS\SYSTEM32\WINMM.dll
0x00007ffa9e540000 - 0x00007ffa9e549000 	C:\WINDOWS\SYSTEM32\WSOCK32.dll
0x00007ffaa89e0000 - 0x00007ffaa89ea000 	C:\WINDOWS\SYSTEM32\VERSION.dll
0x00007ffab05e0000 - 0x00007ffab064f000 	C:\WINDOWS\System32\WS2_32.dll
0x00007ffa94790000 - 0x00007ffa947bd000 	C:\WINDOWS\SYSTEM32\winmmbase.dll
0x00007ffaae050000 - 0x00007ffaae09a000 	C:\WINDOWS\System32\cfgmgr32.dll
0x0000000053b10000 - 0x0000000053b1f000 	C:\Program Files\Java\jdk1.8.0_151\jre\bin\verify.dll
0x0000000053ae0000 - 0x0000000053b09000 	C:\Program Files\Java\jdk1.8.0_151\jre\bin\java.dll
0x0000000053ac0000 - 0x0000000053ad6000 	C:\Program Files\Java\jdk1.8.0_151\jre\bin\zip.dll
0x00007ffaaf670000 - 0x00007ffaafd57000 	C:\WINDOWS\System32\SHELL32.dll
0x00007ffab0fd0000 - 0x00007ffab1079000 	C:\WINDOWS\System32\shcore.dll
0x00007ffaae240000 - 0x00007ffaae9c0000 	C:\WINDOWS\System32\windows.storage.dll
0x00007ffaae020000 - 0x00007ffaae043000 	C:\WINDOWS\System32\profapi.dll
0x00007ffaadfb0000 - 0x00007ffaadffa000 	C:\WINDOWS\System32\powrprof.dll
0x00007ffaadf80000 - 0x00007ffaadf90000 	C:\WINDOWS\System32\UMPDC.dll
0x00007ffab0f50000 - 0x00007ffab0fa2000 	C:\WINDOWS\System32\shlwapi.dll
0x00007ffaadf90000 - 0x00007ffaadfa1000 	C:\WINDOWS\System32\kernel.appcore.dll
0x00007ffaaea40000 - 0x00007ffaaea57000 	C:\WINDOWS\System32\cryptsp.dll
0x0000000052fb0000 - 0x0000000053148000 	C:\Program Files\Java\jdk1.8.0_151\jre\bin\awt.dll
0x00007ffaaf2f0000 - 0x00007ffaaf3b5000 	C:\WINDOWS\System32\OLEAUT32.dll
0x00007ffaac6d0000 - 0x00007ffaac75f000 	C:\WINDOWS\SYSTEM32\apphelp.dll
0x00007ffaac910000 - 0x00007ffaac93d000 	C:\WINDOWS\system32\DWMAPI.DLL
0x00007ffaac840000 - 0x00007ffaac8d9000 	C:\WINDOWS\system32\uxtheme.dll
0x00007ffa87860000 - 0x00007ffa879b6000 	C:\WINDOWS\system32\opengl32.dll
0x00007ffa87610000 - 0x00007ffa8763c000 	C:\WINDOWS\SYSTEM32\GLU32.dll
0x00007ffaacbd0000 - 0x00007ffaacbf0000 	C:\WINDOWS\SYSTEM32\dxcore.dll
0x00007ffaafff0000 - 0x00007ffab0125000 	C:\WINDOWS\System32\MSCTF.dll
0x00007ffaaf510000 - 0x00007ffaaf667000 	C:\WINDOWS\System32\ole32.dll
0x00007ffa9d5a0000 - 0x00007ffa9d5b8000 	C:\Program Files (x86)\Smadav\SmadHook64c.dll
0x00007ffaaeb30000 - 0x00007ffaaeb8c000 	C:\WINDOWS\System32\WINTRUST.dll
0x00007ffaae000000 - 0x00007ffaae012000 	C:\WINDOWS\System32\MSASN1.dll
0x00007ffaaeff0000 - 0x00007ffaaf139000 	C:\WINDOWS\System32\CRYPT32.dll
0x00007ffaad2e0000 - 0x00007ffaad313000 	C:\WINDOWS\system32\rsaenh.dll
0x00007ffaaf140000 - 0x00007ffaaf166000 	C:\WINDOWS\System32\bcrypt.dll
0x00007ffaadea0000 - 0x00007ffaadec5000 	C:\WINDOWS\SYSTEM32\USERENV.dll
0x00007ffaada50000 - 0x00007ffaada5c000 	C:\WINDOWS\SYSTEM32\CRYPTBASE.dll
0x0000000053aa0000 - 0x0000000053aba000 	C:\Program Files\Java\jdk1.8.0_151\jre\bin\net.dll
0x00007ffaad7d0000 - 0x00007ffaad837000 	C:\WINDOWS\system32\mswsock.dll
0x00007ffaad4e0000 - 0x00007ffaad51a000 	C:\WINDOWS\SYSTEM32\IPHLPAPI.DLL
0x00007ffab0ec0000 - 0x00007ffab0ec8000 	C:\WINDOWS\System32\NSI.dll
0x00007ffaa99d0000 - 0x00007ffaa99e6000 	C:\WINDOWS\SYSTEM32\dhcpcsvc6.DLL
0x00007ffaa98f0000 - 0x00007ffaa990c000 	C:\WINDOWS\SYSTEM32\dhcpcsvc.DLL
0x00007ffaad520000 - 0x00007ffaad5eb000 	C:\WINDOWS\SYSTEM32\DNSAPI.dll
0x0000000053a80000 - 0x0000000053a91000 	C:\Program Files\Java\jdk1.8.0_151\jre\bin\nio.dll
0x0000000052f60000 - 0x0000000052fa7000 	C:\Program Files\Java\jdk1.8.0_151\jre\bin\fontmanager.dll
0x00007ffab0e00000 - 0x00007ffab0ea2000 	C:\WINDOWS\System32\clbcatq.dll
0x00007ffaa43f0000 - 0x00007ffaa459f000 	C:\WINDOWS\SYSTEM32\WindowsCodecs.dll
0x00007ffa9d9d0000 - 0x00007ffa9da0a000 	C:\WINDOWS\system32\dataexchange.dll
0x00007ffaab600000 - 0x00007ffaab85b000 	C:\WINDOWS\system32\d3d11.dll
0x00007ffaabcc0000 - 0x00007ffaabe9d000 	C:\WINDOWS\system32\dcomp.dll
0x00007ffaacc60000 - 0x00007ffaacd4b000 	C:\WINDOWS\system32\dxgi.dll
0x00007ffaa4180000 - 0x00007ffaa43e2000 	C:\WINDOWS\system32\twinapi.appcore.dll
0x00007ffaa9a40000 - 0x00007ffaa9a69000 	C:\WINDOWS\system32\RMCLIENT.dll
0x0000000052f10000 - 0x0000000052f52000 	C:\Program Files\Java\jdk1.8.0_151\jre\bin\t2k.dll
0x00007ffa9a6d0000 - 0x00007ffa9a76e000 	C:\WINDOWS\System32\TextInputFramework.dll
0x00007ffaabea0000 - 0x00007ffaabf74000 	C:\WINDOWS\System32\CoreMessaging.dll
0x00007ffaa45a0000 - 0x00007ffaa48ca000 	C:\WINDOWS\System32\CoreUIComponents.dll
0x00007ffaa4b50000 - 0x00007ffaa4ca3000 	C:\WINDOWS\SYSTEM32\wintypes.dll
0x00007ffaad070000 - 0x00007ffaad0a1000 	C:\WINDOWS\SYSTEM32\ntmarta.dll
0x0000000052eb0000 - 0x0000000052ed4000 	C:\Program Files\Java\jdk1.8.0_151\jre\bin\sunec.dll
0x00007ffaaa6c0000 - 0x00007ffaaa6ca000 	C:\Windows\System32\rasadhlp.dll
0x00007ffaa97d0000 - 0x00007ffaa9847000 	C:\WINDOWS\System32\fwpuclnt.dll
0x00007ffaa9a70000 - 0x00007ffaa9d16000 	C:\WINDOWS\System32\iertutil.dll

VM Arguments:
jvm_args: -Dfile.encoding=UTF-8 
java_command: applicationmaster.ApplicationMaster
java_class_path (initial): C:\Users\PC2020\Desktop\mongo-java-driver-3.12.6.jar;C:\Users\PC2020\Desktop\jcalendar-1.4.jar;C:\Users\PC2020\Desktop\setup.jar;C:\Program Files\NetBeans 8\NetBeans 8.2\java\modules\ext\AbsoluteLayout.jar;C:\Users\PC2020\Desktop\RojeruSan.lib.jar;C:\Users\PC2020\Desktop\jfreechart-1.0.19.jar;C:\Users\PC2020\Desktop\jcommon-1.0.24.jar;C:\Users\PC2020\Desktop\mimi-master\build\classes
Launcher Type: SUN_STANDARD

Environment Variables:
JAVA_HOME=C:\Program Files\Java\jre1.8.0_241
PATH=C:\Program Files\AdoptOpenJDK\jdk-8.0.265.01-hotspot\bin;C:\Program Files\AdoptOpenJDK\jre-8.0.265.01-hotspot\bin;C:\Program Files (x86)\Common Files\Oracle\Java\javapath;C:\WINDOWS\system32;C:\WINDOWS;C:\WINDOWS\System32\Wbem;C:\WINDOWS\System32\WindowsPowerShell\v1.0\;C:\WINDOWS\System32\OpenSSH\;C:\Python27;C:\Program Files\apache-cassandra-3.11.5-bin;C:\Users\PC2020\AppData\Local\Microsoft\WindowsApps;C:\Users\PC2020\AppData\Local\Programs\MiKTeX 2.9\miktex\bin\x64\;C:\Python27;C:\Program Files\apache-cassandra-3.11.5-bin;C:\Program Files\MongoDB\Server\4.2\bin;
USERNAME=PC2020
OS=Windows_NT
PROCESSOR_IDENTIFIER=Intel64 Family 6 Model 78 Stepping 3, GenuineIntel



---------------  S Y S T E M  ---------------

OS: Windows 10.0 , 64 bit Build 18362 (10.0.18362.1082)

CPU:total 4 (initial active 4) (2 cores per cpu, 2 threads per core) family 6 model 78 stepping 3, cmov, cx8, fxsr, mmx, sse, sse2, sse3, ssse3, sse4.1, sse4.2, popcnt, avx, avx2, aes, clmul, erms, rtm, 3dnowpref, lzcnt, ht, tsc, tscinvbit, bmi1, bmi2, adx

Memory: 4k page, physical 8266332k(348804k free), swap 20907388k(4500k free)

vm_info: Java HotSpot(TM) 64-Bit Server VM (25.151-b12) for windows-amd64 JRE (1.8.0_151-b12), built on Sep  5 2017 19:33:46 by "java_re" with MS VC++ 10.0 (VS2010)

time: Wed Sep 30 12:26:03 2020
elapsed time: 20 seconds (0d 0h 0m 20s)

